<?xml version="1.0" encoding="UTF-8"?>
<testsuite xmlns:xsi="http://www.w3.org/2001/XMLSchema-instance" xsi:noNamespaceSchemaLocation="https://maven.apache.org/surefire/maven-surefire-plugin/xsd/surefire-test-report-3.0.xsd" version="3.0" name="TestSuite" time="23.799" tests="9" errors="0" skipped="0" failures="0">
  <properties>
    <property name="java.specification.version" value="17"/>
    <property name="sun.cpu.isalist" value="amd64"/>
    <property name="sun.jnu.encoding" value="Cp1252"/>
    <property name="java.class.path" value="C:\Users\taher\IdeaProjects\SeleniumAutomation\target\test-classes;C:\Users\taher\IdeaProjects\SeleniumAutomation\target\classes;C:\Users\taher\.m2\repository\org\seleniumhq\selenium\selenium-java\4.1.0\selenium-java-4.1.0.jar;C:\Users\taher\.m2\repository\org\seleniumhq\selenium\selenium-api\4.1.0\selenium-api-4.1.0.jar;C:\Users\taher\.m2\repository\org\seleniumhq\selenium\selenium-chrome-driver\4.1.0\selenium-chrome-driver-4.1.0.jar;C:\Users\taher\.m2\repository\com\google\auto\service\auto-service-annotations\1.0.1\auto-service-annotations-1.0.1.jar;C:\Users\taher\.m2\repository\com\google\auto\service\auto-service\1.0.1\auto-service-1.0.1.jar;C:\Users\taher\.m2\repository\com\google\auto\auto-common\1.2\auto-common-1.2.jar;C:\Users\taher\.m2\repository\com\google\guava\guava\31.0.1-jre\guava-31.0.1-jre.jar;C:\Users\taher\.m2\repository\com\google\guava\failureaccess\1.0.1\failureaccess-1.0.1.jar;C:\Users\taher\.m2\repository\com\google\guava\listenablefuture\9999.0-empty-to-avoid-conflict-with-guava\listenablefuture-9999.0-empty-to-avoid-conflict-with-guava.jar;C:\Users\taher\.m2\repository\com\google\code\findbugs\jsr305\3.0.2\jsr305-3.0.2.jar;C:\Users\taher\.m2\repository\org\checkerframework\checker-qual\3.12.0\checker-qual-3.12.0.jar;C:\Users\taher\.m2\repository\com\google\errorprone\error_prone_annotations\2.7.1\error_prone_annotations-2.7.1.jar;C:\Users\taher\.m2\repository\com\google\j2objc\j2objc-annotations\1.3\j2objc-annotations-1.3.jar;C:\Users\taher\.m2\repository\org\seleniumhq\selenium\selenium-chromium-driver\4.1.0\selenium-chromium-driver-4.1.0.jar;C:\Users\taher\.m2\repository\org\seleniumhq\selenium\selenium-json\4.1.0\selenium-json-4.1.0.jar;C:\Users\taher\.m2\repository\org\seleniumhq\selenium\selenium-devtools-v85\4.1.0\selenium-devtools-v85-4.1.0.jar;C:\Users\taher\.m2\repository\org\seleniumhq\selenium\selenium-devtools-v94\4.1.0\selenium-devtools-v94-4.1.0.jar;C:\Users\taher\.m2\repository\org\seleniumhq\selenium\selenium-devtools-v95\4.1.0\selenium-devtools-v95-4.1.0.jar;C:\Users\taher\.m2\repository\org\seleniumhq\selenium\selenium-devtools-v96\4.1.0\selenium-devtools-v96-4.1.0.jar;C:\Users\taher\.m2\repository\org\seleniumhq\selenium\selenium-edge-driver\4.1.0\selenium-edge-driver-4.1.0.jar;C:\Users\taher\.m2\repository\org\seleniumhq\selenium\selenium-firefox-driver\4.1.0\selenium-firefox-driver-4.1.0.jar;C:\Users\taher\.m2\repository\org\seleniumhq\selenium\selenium-firefox-xpi-driver\4.1.0\selenium-firefox-xpi-driver-4.1.0.jar;C:\Users\taher\.m2\repository\org\seleniumhq\selenium\selenium-ie-driver\4.1.0\selenium-ie-driver-4.1.0.jar;C:\Users\taher\.m2\repository\org\seleniumhq\selenium\selenium-opera-driver\4.1.0\selenium-opera-driver-4.1.0.jar;C:\Users\taher\.m2\repository\org\seleniumhq\selenium\selenium-remote-driver\4.1.0\selenium-remote-driver-4.1.0.jar;C:\Users\taher\.m2\repository\io\netty\netty-buffer\4.1.69.Final\netty-buffer-4.1.69.Final.jar;C:\Users\taher\.m2\repository\io\netty\netty-codec-http\4.1.69.Final\netty-codec-http-4.1.69.Final.jar;C:\Users\taher\.m2\repository\io\netty\netty-codec\4.1.69.Final\netty-codec-4.1.69.Final.jar;C:\Users\taher\.m2\repository\io\netty\netty-handler\4.1.69.Final\netty-handler-4.1.69.Final.jar;C:\Users\taher\.m2\repository\io\netty\netty-common\4.1.69.Final\netty-common-4.1.69.Final.jar;C:\Users\taher\.m2\repository\io\netty\netty-transport-native-epoll\4.1.69.Final\netty-transport-native-epoll-4.1.69.Final.jar;C:\Users\taher\.m2\repository\io\netty\netty-transport-native-kqueue\4.1.69.Final\netty-transport-native-kqueue-4.1.69.Final.jar;C:\Users\taher\.m2\repository\io\netty\netty-transport-native-unix-common\4.1.69.Final\netty-transport-native-unix-common-4.1.69.Final.jar;C:\Users\taher\.m2\repository\io\netty\netty-transport\4.1.69.Final\netty-transport-4.1.69.Final.jar;C:\Users\taher\.m2\repository\io\netty\netty-resolver\4.1.69.Final\netty-resolver-4.1.69.Final.jar;C:\Users\taher\.m2\repository\io\opentelemetry\opentelemetry-api\1.9.0\opentelemetry-api-1.9.0.jar;C:\Users\taher\.m2\repository\io\opentelemetry\opentelemetry-context\1.9.0\opentelemetry-context-1.9.0.jar;C:\Users\taher\.m2\repository\io\opentelemetry\opentelemetry-exporter-logging\1.9.0\opentelemetry-exporter-logging-1.9.0.jar;C:\Users\taher\.m2\repository\io\opentelemetry\opentelemetry-sdk-metrics\1.9.0-alpha\opentelemetry-sdk-metrics-1.9.0-alpha.jar;C:\Users\taher\.m2\repository\io\opentelemetry\opentelemetry-sdk-logs\1.9.0-alpha\opentelemetry-sdk-logs-1.9.0-alpha.jar;C:\Users\taher\.m2\repository\com\fasterxml\jackson\core\jackson-databind\2.13.0\jackson-databind-2.13.0.jar;C:\Users\taher\.m2\repository\com\fasterxml\jackson\core\jackson-annotations\2.13.0\jackson-annotations-2.13.0.jar;C:\Users\taher\.m2\repository\com\fasterxml\jackson\core\jackson-core\2.13.0\jackson-core-2.13.0.jar;C:\Users\taher\.m2\repository\io\opentelemetry\opentelemetry-sdk-common\1.9.0\opentelemetry-sdk-common-1.9.0.jar;C:\Users\taher\.m2\repository\io\opentelemetry\opentelemetry-sdk-extension-autoconfigure-spi\1.9.0\opentelemetry-sdk-extension-autoconfigure-spi-1.9.0.jar;C:\Users\taher\.m2\repository\io\opentelemetry\opentelemetry-sdk-extension-autoconfigure\1.9.0-alpha\opentelemetry-sdk-extension-autoconfigure-1.9.0-alpha.jar;C:\Users\taher\.m2\repository\io\opentelemetry\opentelemetry-sdk-trace\1.9.0\opentelemetry-sdk-trace-1.9.0.jar;C:\Users\taher\.m2\repository\io\opentelemetry\opentelemetry-api-metrics\1.9.0-alpha\opentelemetry-api-metrics-1.9.0-alpha.jar;C:\Users\taher\.m2\repository\io\opentelemetry\opentelemetry-sdk\1.9.0\opentelemetry-sdk-1.9.0.jar;C:\Users\taher\.m2\repository\io\opentelemetry\opentelemetry-semconv\1.9.0-alpha\opentelemetry-semconv-1.9.0-alpha.jar;C:\Users\taher\.m2\repository\io\ous\jtoml\2.0.0\jtoml-2.0.0.jar;C:\Users\taher\.m2\repository\net\bytebuddy\byte-buddy\1.12.1\byte-buddy-1.12.1.jar;C:\Users\taher\.m2\repository\org\apache\commons\commons-exec\1.3\commons-exec-1.3.jar;C:\Users\taher\.m2\repository\org\asynchttpclient\async-http-client\2.12.3\async-http-client-2.12.3.jar;C:\Users\taher\.m2\repository\org\asynchttpclient\async-http-client-netty-utils\2.12.3\async-http-client-netty-utils-2.12.3.jar;C:\Users\taher\.m2\repository\io\netty\netty-codec-socks\4.1.60.Final\netty-codec-socks-4.1.60.Final.jar;C:\Users\taher\.m2\repository\io\netty\netty-handler-proxy\4.1.60.Final\netty-handler-proxy-4.1.60.Final.jar;C:\Users\taher\.m2\repository\io\netty\netty-transport-native-epoll\4.1.60.Final\netty-transport-native-epoll-4.1.60.Final-linux-x86_64.jar;C:\Users\taher\.m2\repository\io\netty\netty-transport-native-kqueue\4.1.60.Final\netty-transport-native-kqueue-4.1.60.Final-osx-x86_64.jar;C:\Users\taher\.m2\repository\org\reactivestreams\reactive-streams\1.0.3\reactive-streams-1.0.3.jar;C:\Users\taher\.m2\repository\com\typesafe\netty\netty-reactive-streams\2.0.4\netty-reactive-streams-2.0.4.jar;C:\Users\taher\.m2\repository\org\slf4j\slf4j-api\1.7.30\slf4j-api-1.7.30.jar;C:\Users\taher\.m2\repository\com\sun\activation\jakarta.activation\1.2.2\jakarta.activation-1.2.2.jar;C:\Users\taher\.m2\repository\org\seleniumhq\selenium\selenium-http\4.1.0\selenium-http-4.1.0.jar;C:\Users\taher\.m2\repository\net\jodah\failsafe\2.4.4\failsafe-2.4.4.jar;C:\Users\taher\.m2\repository\org\seleniumhq\selenium\selenium-safari-driver\4.1.0\selenium-safari-driver-4.1.0.jar;C:\Users\taher\.m2\repository\org\seleniumhq\selenium\selenium-support\4.1.0\selenium-support-4.1.0.jar;C:\Users\taher\.m2\repository\org\testng\testng\7.4.0\testng-7.4.0.jar;C:\Users\taher\.m2\repository\com\beust\jcommander\1.78\jcommander-1.78.jar;C:\Users\taher\.m2\repository\org\webjars\jquery\3.5.1\jquery-3.5.1.jar;"/>
    <property name="java.vm.vendor" value="Oracle Corporation"/>
    <property name="sun.arch.data.model" value="64"/>
    <property name="user.variant" value=""/>
    <property name="java.vendor.url" value="https://java.oracle.com/"/>
    <property name="user.timezone" value="America/New_York"/>
    <property name="os.name" value="Windows 10"/>
    <property name="java.vm.specification.version" value="17"/>
    <property name="sun.java.launcher" value="SUN_STANDARD"/>
    <property name="user.country" value="US"/>
    <property name="sun.boot.library.path" value="C:\Program Files\Java\jdk-17.0.1\bin"/>
    <property name="sun.java.command" value="C:\Users\taher\AppData\Local\Temp\surefire8520609024160545758\surefirebooter10377199718900859076.jar C:\Users\taher\AppData\Local\Temp\surefire8520609024160545758 2021-12-09T17-52-50_409-jvmRun1 surefire16588402448678641166tmp surefire_01607331188846123313tmp"/>
    <property name="jdk.debug" value="release"/>
    <property name="surefire.test.class.path" value="C:\Users\taher\IdeaProjects\SeleniumAutomation\target\test-classes;C:\Users\taher\IdeaProjects\SeleniumAutomation\target\classes;C:\Users\taher\.m2\repository\org\seleniumhq\selenium\selenium-java\4.1.0\selenium-java-4.1.0.jar;C:\Users\taher\.m2\repository\org\seleniumhq\selenium\selenium-api\4.1.0\selenium-api-4.1.0.jar;C:\Users\taher\.m2\repository\org\seleniumhq\selenium\selenium-chrome-driver\4.1.0\selenium-chrome-driver-4.1.0.jar;C:\Users\taher\.m2\repository\com\google\auto\service\auto-service-annotations\1.0.1\auto-service-annotations-1.0.1.jar;C:\Users\taher\.m2\repository\com\google\auto\service\auto-service\1.0.1\auto-service-1.0.1.jar;C:\Users\taher\.m2\repository\com\google\auto\auto-common\1.2\auto-common-1.2.jar;C:\Users\taher\.m2\repository\com\google\guava\guava\31.0.1-jre\guava-31.0.1-jre.jar;C:\Users\taher\.m2\repository\com\google\guava\failureaccess\1.0.1\failureaccess-1.0.1.jar;C:\Users\taher\.m2\repository\com\google\guava\listenablefuture\9999.0-empty-to-avoid-conflict-with-guava\listenablefuture-9999.0-empty-to-avoid-conflict-with-guava.jar;C:\Users\taher\.m2\repository\com\google\code\findbugs\jsr305\3.0.2\jsr305-3.0.2.jar;C:\Users\taher\.m2\repository\org\checkerframework\checker-qual\3.12.0\checker-qual-3.12.0.jar;C:\Users\taher\.m2\repository\com\google\errorprone\error_prone_annotations\2.7.1\error_prone_annotations-2.7.1.jar;C:\Users\taher\.m2\repository\com\google\j2objc\j2objc-annotations\1.3\j2objc-annotations-1.3.jar;C:\Users\taher\.m2\repository\org\seleniumhq\selenium\selenium-chromium-driver\4.1.0\selenium-chromium-driver-4.1.0.jar;C:\Users\taher\.m2\repository\org\seleniumhq\selenium\selenium-json\4.1.0\selenium-json-4.1.0.jar;C:\Users\taher\.m2\repository\org\seleniumhq\selenium\selenium-devtools-v85\4.1.0\selenium-devtools-v85-4.1.0.jar;C:\Users\taher\.m2\repository\org\seleniumhq\selenium\selenium-devtools-v94\4.1.0\selenium-devtools-v94-4.1.0.jar;C:\Users\taher\.m2\repository\org\seleniumhq\selenium\selenium-devtools-v95\4.1.0\selenium-devtools-v95-4.1.0.jar;C:\Users\taher\.m2\repository\org\seleniumhq\selenium\selenium-devtools-v96\4.1.0\selenium-devtools-v96-4.1.0.jar;C:\Users\taher\.m2\repository\org\seleniumhq\selenium\selenium-edge-driver\4.1.0\selenium-edge-driver-4.1.0.jar;C:\Users\taher\.m2\repository\org\seleniumhq\selenium\selenium-firefox-driver\4.1.0\selenium-firefox-driver-4.1.0.jar;C:\Users\taher\.m2\repository\org\seleniumhq\selenium\selenium-firefox-xpi-driver\4.1.0\selenium-firefox-xpi-driver-4.1.0.jar;C:\Users\taher\.m2\repository\org\seleniumhq\selenium\selenium-ie-driver\4.1.0\selenium-ie-driver-4.1.0.jar;C:\Users\taher\.m2\repository\org\seleniumhq\selenium\selenium-opera-driver\4.1.0\selenium-opera-driver-4.1.0.jar;C:\Users\taher\.m2\repository\org\seleniumhq\selenium\selenium-remote-driver\4.1.0\selenium-remote-driver-4.1.0.jar;C:\Users\taher\.m2\repository\io\netty\netty-buffer\4.1.69.Final\netty-buffer-4.1.69.Final.jar;C:\Users\taher\.m2\repository\io\netty\netty-codec-http\4.1.69.Final\netty-codec-http-4.1.69.Final.jar;C:\Users\taher\.m2\repository\io\netty\netty-codec\4.1.69.Final\netty-codec-4.1.69.Final.jar;C:\Users\taher\.m2\repository\io\netty\netty-handler\4.1.69.Final\netty-handler-4.1.69.Final.jar;C:\Users\taher\.m2\repository\io\netty\netty-common\4.1.69.Final\netty-common-4.1.69.Final.jar;C:\Users\taher\.m2\repository\io\netty\netty-transport-native-epoll\4.1.69.Final\netty-transport-native-epoll-4.1.69.Final.jar;C:\Users\taher\.m2\repository\io\netty\netty-transport-native-kqueue\4.1.69.Final\netty-transport-native-kqueue-4.1.69.Final.jar;C:\Users\taher\.m2\repository\io\netty\netty-transport-native-unix-common\4.1.69.Final\netty-transport-native-unix-common-4.1.69.Final.jar;C:\Users\taher\.m2\repository\io\netty\netty-transport\4.1.69.Final\netty-transport-4.1.69.Final.jar;C:\Users\taher\.m2\repository\io\netty\netty-resolver\4.1.69.Final\netty-resolver-4.1.69.Final.jar;C:\Users\taher\.m2\repository\io\opentelemetry\opentelemetry-api\1.9.0\opentelemetry-api-1.9.0.jar;C:\Users\taher\.m2\repository\io\opentelemetry\opentelemetry-context\1.9.0\opentelemetry-context-1.9.0.jar;C:\Users\taher\.m2\repository\io\opentelemetry\opentelemetry-exporter-logging\1.9.0\opentelemetry-exporter-logging-1.9.0.jar;C:\Users\taher\.m2\repository\io\opentelemetry\opentelemetry-sdk-metrics\1.9.0-alpha\opentelemetry-sdk-metrics-1.9.0-alpha.jar;C:\Users\taher\.m2\repository\io\opentelemetry\opentelemetry-sdk-logs\1.9.0-alpha\opentelemetry-sdk-logs-1.9.0-alpha.jar;C:\Users\taher\.m2\repository\com\fasterxml\jackson\core\jackson-databind\2.13.0\jackson-databind-2.13.0.jar;C:\Users\taher\.m2\repository\com\fasterxml\jackson\core\jackson-annotations\2.13.0\jackson-annotations-2.13.0.jar;C:\Users\taher\.m2\repository\com\fasterxml\jackson\core\jackson-core\2.13.0\jackson-core-2.13.0.jar;C:\Users\taher\.m2\repository\io\opentelemetry\opentelemetry-sdk-common\1.9.0\opentelemetry-sdk-common-1.9.0.jar;C:\Users\taher\.m2\repository\io\opentelemetry\opentelemetry-sdk-extension-autoconfigure-spi\1.9.0\opentelemetry-sdk-extension-autoconfigure-spi-1.9.0.jar;C:\Users\taher\.m2\repository\io\opentelemetry\opentelemetry-sdk-extension-autoconfigure\1.9.0-alpha\opentelemetry-sdk-extension-autoconfigure-1.9.0-alpha.jar;C:\Users\taher\.m2\repository\io\opentelemetry\opentelemetry-sdk-trace\1.9.0\opentelemetry-sdk-trace-1.9.0.jar;C:\Users\taher\.m2\repository\io\opentelemetry\opentelemetry-api-metrics\1.9.0-alpha\opentelemetry-api-metrics-1.9.0-alpha.jar;C:\Users\taher\.m2\repository\io\opentelemetry\opentelemetry-sdk\1.9.0\opentelemetry-sdk-1.9.0.jar;C:\Users\taher\.m2\repository\io\opentelemetry\opentelemetry-semconv\1.9.0-alpha\opentelemetry-semconv-1.9.0-alpha.jar;C:\Users\taher\.m2\repository\io\ous\jtoml\2.0.0\jtoml-2.0.0.jar;C:\Users\taher\.m2\repository\net\bytebuddy\byte-buddy\1.12.1\byte-buddy-1.12.1.jar;C:\Users\taher\.m2\repository\org\apache\commons\commons-exec\1.3\commons-exec-1.3.jar;C:\Users\taher\.m2\repository\org\asynchttpclient\async-http-client\2.12.3\async-http-client-2.12.3.jar;C:\Users\taher\.m2\repository\org\asynchttpclient\async-http-client-netty-utils\2.12.3\async-http-client-netty-utils-2.12.3.jar;C:\Users\taher\.m2\repository\io\netty\netty-codec-socks\4.1.60.Final\netty-codec-socks-4.1.60.Final.jar;C:\Users\taher\.m2\repository\io\netty\netty-handler-proxy\4.1.60.Final\netty-handler-proxy-4.1.60.Final.jar;C:\Users\taher\.m2\repository\io\netty\netty-transport-native-epoll\4.1.60.Final\netty-transport-native-epoll-4.1.60.Final-linux-x86_64.jar;C:\Users\taher\.m2\repository\io\netty\netty-transport-native-kqueue\4.1.60.Final\netty-transport-native-kqueue-4.1.60.Final-osx-x86_64.jar;C:\Users\taher\.m2\repository\org\reactivestreams\reactive-streams\1.0.3\reactive-streams-1.0.3.jar;C:\Users\taher\.m2\repository\com\typesafe\netty\netty-reactive-streams\2.0.4\netty-reactive-streams-2.0.4.jar;C:\Users\taher\.m2\repository\org\slf4j\slf4j-api\1.7.30\slf4j-api-1.7.30.jar;C:\Users\taher\.m2\repository\com\sun\activation\jakarta.activation\1.2.2\jakarta.activation-1.2.2.jar;C:\Users\taher\.m2\repository\org\seleniumhq\selenium\selenium-http\4.1.0\selenium-http-4.1.0.jar;C:\Users\taher\.m2\repository\net\jodah\failsafe\2.4.4\failsafe-2.4.4.jar;C:\Users\taher\.m2\repository\org\seleniumhq\selenium\selenium-safari-driver\4.1.0\selenium-safari-driver-4.1.0.jar;C:\Users\taher\.m2\repository\org\seleniumhq\selenium\selenium-support\4.1.0\selenium-support-4.1.0.jar;C:\Users\taher\.m2\repository\org\testng\testng\7.4.0\testng-7.4.0.jar;C:\Users\taher\.m2\repository\com\beust\jcommander\1.78\jcommander-1.78.jar;C:\Users\taher\.m2\repository\org\webjars\jquery\3.5.1\jquery-3.5.1.jar;"/>
    <property name="sun.cpu.endian" value="little"/>
    <property name="user.home" value="C:\Users\taher"/>
    <property name="user.language" value="en"/>
    <property name="java.specification.vendor" value="Oracle Corporation"/>
    <property name="java.version.date" value="2021-10-19"/>
    <property name="java.home" value="C:\Program Files\Java\jdk-17.0.1"/>
    <property name="file.separator" value="\"/>
    <property name="basedir" value="C:\Users\taher\IdeaProjects\SeleniumAutomation"/>
    <property name="java.vm.compressedOopsMode" value="Zero based"/>
    <property name="line.separator" value="&#10;"/>
    <property name="java.vm.specification.vendor" value="Oracle Corporation"/>
    <property name="java.specification.name" value="Java Platform API Specification"/>
    <property name="surefire.real.class.path" value="C:\Users\taher\AppData\Local\Temp\surefire8520609024160545758\surefirebooter10377199718900859076.jar"/>
    <property name="user.script" value=""/>
    <property name="sun.management.compiler" value="HotSpot 64-Bit Tiered Compilers"/>
    <property name="java.runtime.version" value="17.0.1+12-LTS-39"/>
    <property name="user.name" value="taher"/>
    <property name="path.separator" value=";"/>
    <property name="otel.metrics.exporter" value="none"/>
    <property name="os.version" value="10.0"/>
    <property name="java.runtime.name" value="Java(TM) SE Runtime Environment"/>
    <property name="otel.traces.exporter" value="none"/>
    <property name="file.encoding" value="Cp1252"/>
    <property name="browser" value="chrome"/>
    <property name="sun.nio.ch.bugLevel" value=""/>
    <property name="java.vm.name" value="Java HotSpot(TM) 64-Bit Server VM"/>
    <property name="localRepository" value="C:\Users\taher\.m2\repository"/>
    <property name="java.vendor.url.bug" value="https://bugreport.java.com/bugreport/"/>
    <property name="java.io.tmpdir" value="C:\Users\taher\AppData\Local\Temp\"/>
    <property name="java.version" value="17.0.1"/>
    <property name="user.dir" value="C:\Users\taher\IdeaProjects\SeleniumAutomation"/>
    <property name="os.arch" value="amd64"/>
    <property name="java.vm.specification.name" value="Java Virtual Machine Specification"/>
    <property name="sun.os.patch.level" value=""/>
    <property name="native.encoding" value="Cp1252"/>
    <property name="java.library.path" value="C:\Program Files\Java\jdk-17.0.1\bin;C:\WINDOWS\Sun\Java\bin;C:\WINDOWS\system32;C:\WINDOWS;C:\Program Files\Common Files\Oracle\Java\javapath;C:\Program Files (x86)\Microsoft SDKs\Azure\CLI2\wbin;C:\Program Files (x86)\Common Files\Oracle\Java\javapath;C:\Windows\system32;C:\Windows;C:\Windows\System32\Wbem;C:\Windows\System32\WindowsPowerShell\v1.0\;C:\Windows\System32\OpenSSH\;C:\Program Files (x86)\Intel\Intel(R) Management Engine Components\DAL;C:\Program Files\Intel\Intel(R) Management Engine Components\DAL;C:\Program Files (x86)\NVIDIA Corporation\PhysX\Common;C:\Program Files\NVIDIA Corporation\NVIDIA NvDLISR;C:\Program Files\Intel\WiFi\bin\;C:\Program Files\Common Files\Intel\WirelessCommon\;C:\Program Files\PuTTY\;C:\Program Files\Microsoft SQL Server\130\Tools\Binn\;C:\Program Files\Git\cmd;C:\Program Files (x86)\Gpg4win\..\GnuPG\bin;C:\Program Files (x86)\mingw-w64\i686-8.1.0-posix-dwarf-rt_v6-rev0\mingw32\bin;C:\Program Files (x86)\Pulse Secure\VC142.CRT\X64\;C:\Program Files\OpenSSL-Win64\bin;C:\Program Files\Kubernetes\Minikube;C:\Program Files\Git\mingw64\bin;C:\Users\taher\Desktop\sonarqube-8.5.1.38104\bin;C:\Program Files (x86)\Windows Kits\8.1\Windows Performance Toolkit\;C:\Program Files (x86)\Pulse Secure\VC142.CRT\X86\;C:\WINDOWS\system32;C:\WINDOWS;C:\WINDOWS\System32\Wbem;C:\WINDOWS\System32\WindowsPowerShell\v1.0\;C:\WINDOWS\System32\OpenSSH\;C:\Program Files\WindowsApps\PythonSoftwareFoundation.Python.3.8_3.8.2800.0_x64__qbz5n2kfra8p0\lib\site-packages\pip;C:\Users\taher\AppData\Local\Packages\PythonSoftwareFoundation.Python.3.8_qbz5n2kfra8p0\LocalCache\local-packages\Python38\Scripts;c:\users\taher\appdata\local\packages\pythonsoftwarefoundation.python.3.8_qbz5n2kfra8p0\localcache\local-packages\python38\site-packages;C:\Program Files\Graphviz\bin\;C:\Users\taher\AppData\Local\Packages\PythonSoftwareFoundation.Python.3.8_qbz5n2kfra8p0\LocalCache\local-packages\Python38\site-packages\graphviz\dot\;C:\apache-maven-3.8.4-bin\apache-maven-3.8.4\bin;C:\Program Files\Java\jdk-17.0.1\bin;C:\Ruby27-x64\bin;C:\Users\taher\AppData\Local\Microsoft\WindowsApps;C:\Program Files\JetBrains\PyCharm 2020.3.3\bin;;C:\Users\taher\AppData\Local\Programs\Microsoft VS Code\bin;C:\Program Files\JetBrains\IntelliJ IDEA 2019.2.3\bin;;C:\Users\taher\AppData\Local\GitHubDesktop\bin;C:\Program Files\JetBrains\CLion 2020.2.4\bin;;C:\Program Files\JetBrains\PyCharm Community Edition 2020.3.3\bin;;;."/>
    <property name="java.vm.info" value="mixed mode, sharing"/>
    <property name="java.vendor" value="Oracle Corporation"/>
    <property name="java.vm.version" value="17.0.1+12-LTS-39"/>
    <property name="sun.io.unicode.encoding" value="UnicodeLittle"/>
    <property name="java.class.version" value="61.0"/>
  </properties>
  <testcase name="TestTitleAmazon" classname="titleTest" time="4.286">
    <system-out><![CDATA[http://52.191.13.216:4444/wd/hub
Amazon.com. Spend less. Smile more.
]]></system-out>
    <system-err><![CDATA[Dec 09, 2021 5:52:51 PM org.openqa.selenium.remote.tracing.opentelemetry.OpenTelemetryTracer createTracer
INFO: Using OpenTelemetry for tracing
SLF4J: Failed to load class "org.slf4j.impl.StaticLoggerBinder".
SLF4J: Defaulting to no-operation (NOP) logger implementation
SLF4J: See http://www.slf4j.org/codes.html#StaticLoggerBinder for further details.
Dec 09, 2021 5:52:58 PM org.openqa.selenium.remote.ProtocolHandshake createSession
INFO: Detected dialect: W3C
]]></system-err>
  </testcase>
  <testcase name="TestTitleAzure" classname="titleTest" time="1.726">
    <system-out><![CDATA[Cloud Computing Services | Microsoft Azure
]]></system-out>
  </testcase>
  <testcase name="TestTitleBrightSpace" classname="titleTest" time="1.527">
    <system-out><![CDATA[D2L | Creators of the Brightspace Learning Management System Software (LMS Software)
]]></system-out>
  </testcase>
  <testcase name="TestTitleEbay" classname="titleTest" time="1.213">
    <system-out><![CDATA[Electronics, Cars, Fashion, Collectibles & More | eBay
]]></system-out>
  </testcase>
  <testcase name="TestTitleFacebook" classname="titleTest" time="1.012">
    <system-out><![CDATA[Facebook - Log In or Sign Up
]]></system-out>
  </testcase>
  <testcase name="TestTitleGoogle" classname="titleTest" time="0.705">
    <system-out><![CDATA[Google
]]></system-out>
  </testcase>
  <testcase name="TestTitleNyu" classname="titleTest" time="1.893">
    <system-out><![CDATA[NYU
]]></system-out>
  </testcase>
  <testcase name="TestTitleOracle" classname="titleTest" time="2.321">
    <system-out><![CDATA[Oracle | Cloud Applications and Cloud Platform
]]></system-out>
  </testcase>
  <testcase name="TestTitleToolsqa" classname="titleTest" time="1.135">
    <system-out><![CDATA[Tools QA
]]></system-out>
  </testcase>
</testsuite>