<?xml version="1.0" encoding="UTF-8"?>
<!-- Generated by org.testng.reporters.JUnitReportReporter -->
<testsuite hostname="DESKTOP-7TU0NST" failures="0" tests="9" name="titleTest" time="15.818" errors="0" timestamp="2021-12-09T17:53:14 EST" skipped="0">
  <testcase classname="titleTest" name="TestTitleAmazon" time="4.287"/>
  <system-out/>
  <testcase classname="titleTest" name="TestTitleFacebook" time="1.012"/>
  <system-out/>
  <testcase classname="titleTest" name="TestTitleGoogle" time="0.704"/>
  <system-out/>
  <testcase classname="titleTest" name="TestTitleToolsqa" time="1.134"/>
  <system-out/>
  <testcase classname="titleTest" name="TestTitleBrightSpace" time="1.526"/>
  <system-out/>
  <testcase classname="titleTest" name="TestTitleNyu" time="1.894"/>
  <system-out/>
  <testcase classname="titleTest" name="TestTitleEbay" time="1.212"/>
  <system-out/>
  <testcase classname="titleTest" name="TestTitleAzure" time="1.728"/>
  <system-out/>
  <testcase classname="titleTest" name="TestTitleOracle" time="2.321"/>
  <system-out/>
</testsuite> <!-- titleTest -->
